<?xml version="1.0" encoding="UTF-8"?>
<!-- Generated by org.testng.reporters.JUnitReportReporter -->
<testsuite hostname="DESKTOP-HA18O7J" failures="0" tests="1" name="com.OrangeHRM.testCases.TC_001" time="13.783" errors="0" timestamp="06 Jan 2022 22:26:16 GMT" skipped="0">
  <testcase classname="com.OrangeHRM.testCases.TC_001" name="Login" time="13.783"/>
</testsuite> <!-- com.OrangeHRM.testCases.TC_001 -->
