<?xml version="1.0" encoding="UTF-8"?>
<!-- Generated by org.testng.reporters.JUnitReportReporter -->
<testsuite hostname="DESKTOP-HA18O7J" failures="0" tests="1" name="com.OrangeHRM.testCases.C_OrangeHRM_AdminEditProfile_TC" time="48.504" errors="0" timestamp="08 Jan 2022 20:43:06 GMT" skipped="0">
  <testcase classname="com.OrangeHRM.testCases.C_OrangeHRM_AdminEditProfile_TC" name="AdminEditProfile" time="48.504"/>
</testsuite> <!-- com.OrangeHRM.testCases.C_OrangeHRM_AdminEditProfile_TC -->
