<?xml version="1.0" encoding="UTF-8"?>
<!-- Generated by org.testng.reporters.JUnitReportReporter -->
<testsuite hostname="DESKTOP-HA18O7J" failures="0" tests="1" name="com.OrangeHRM.testCases.F_PIM_Report_TC" time="60.275" errors="0" timestamp="10 Jan 2022 16:18:15 GMT" skipped="0">
  <testcase classname="com.OrangeHRM.testCases.F_PIM_Report_TC" name="report" time="60.275"/>
</testsuite> <!-- com.OrangeHRM.testCases.F_PIM_Report_TC -->
